<?xml version="1.0" encoding="UTF-8"?>
<!-- Generated by org.testng.reporters.JUnitXMLReporter -->
<testsuite hostname="LAPTOP-HPGRN3FM" ignored="1" name="CHROME" tests="3" failures="0" timestamp="03 Oct 2018 06:01:27 GMT" time="0.056" errors="0">
  <testcase name="@BeforeMethod testprocess" time="0.003" classname="com.browser.NewTest002">
    <failure type="java.lang.NullPointerException">
      <![CDATA[java.lang.NullPointerException
at com.browser.BasePage.BrowserLaunch(BasePage.java:43)
at com.browser.NewTest002.testprocess(NewTest002.java:18)
... Removed 28 stack frames]]>
    </failure>
  </testcase> <!-- @BeforeMethod testprocess -->
  <testcase name="@AfterMethod endprocess" time="0.0" classname="com.browser.NewTest002">
    <skipped/>
  </testcase> <!-- @AfterMethod endprocess -->
  <testcase name="d" time="0.006" classname="com.browser.TestNG"/>
  <testcase name="login" time="0.0" classname="com.browser.NewTest002">
    <skipped/>
  </testcase> <!-- login -->
  <testcase name="t" time="0.001" classname="com.browser.TestNG"/>
  <testcase name="g" time="0.0" classname="com.browser.TestNG">
    <ignored/>
  </testcase> <!-- g -->
</testsuite> <!-- CHROME -->
